Started merge task at Qui 21 Jul 2016 11:51:25 BRT
Warning: No dependency builds found yet.
Started merge task at Qui 21 Jul 2016 11:55:13 BRT
Warning: No Carthage directory found, merges won't happen.
Started merge task at Qui 21 Jul 2016 11:55:36 BRT
Warning: No Carthage directory found, merges won't happen.
Started merge task at Qui 21 Jul 2016 11:55:42 BRT
Warning: No Carthage directory found, merges won't happen.
Started merge task at Qui 21 Jul 2016 14:06:16 BRT
Warning: No dependency builds found yet.
Started merge task at Qui 21 Jul 2016 14:07:23 BRT
Warning: No dependency builds found yet.
Started merge task at Qui 21 Jul 2016 14:15:33 BRT
Warning: No dependency builds found yet.
Started merge task at Qui 21 Jul 2016 14:20:01 BRT
Warning: No dependency builds found yet.
Started merge task at Qui 21 Jul 2016 14:20:28 BRT
Warning: No dependency builds found yet.
Started merge task at Qui 21 Jul 2016 14:24:25 BRT
Warning: No dependency builds found yet.
Started merge task at Qui 21 Jul 2016 14:27:15 BRT
Warning: No dependency builds found yet.
Started merge task at Qui 21 Jul 2016 14:29:41 BRT
Warning: No dependency builds found yet.
Started merge task at Qui 21 Jul 2016 15:09:14 BRT
Warning: No dependency builds found yet.
Started merge task at Qui 21 Jul 2016 15:09:41 BRT
Warning: No dependency builds found yet.
Started merge task at Qui 21 Jul 2016 15:11:18 BRT
Warning: No dependency builds found yet.
Started merge task at Qui 21 Jul 2016 15:13:29 BRT
Warning: No dependency builds found yet.
Started merge task at Qui 21 Jul 2016 15:17:02 BRT
Warning: No dependency builds found yet.
Started merge task at Qui 21 Jul 2016 15:17:36 BRT
Warning: No dependency builds found yet.
Started merge task at Qui 21 Jul 2016 15:18:30 BRT
Warning: No dependency builds found yet.
Started merge task at Qui 21 Jul 2016 15:18:32 BRT
Warning: No dependency builds found yet.
Started merge task at Qui 21 Jul 2016 15:24:31 BRT
Warning: No dependency builds found yet.
Started merge task at Qui 21 Jul 2016 15:25:04 BRT
Warning: No dependency builds found yet.
Started merge task at Qui 21 Jul 2016 16:35:05 BRT
Warning: No dependency builds found yet.
Started merge task at Qui 21 Jul 2016 16:35:48 BRT
Warning: No dependency builds found yet.
Started merge task at Qui 21 Jul 2016 16:36:21 BRT
Warning: No dependency builds found yet.
Started merge task at Qui 21 Jul 2016 16:36:28 BRT
Warning: No dependency builds found yet.
Started merge task at Qui 21 Jul 2016 16:37:23 BRT
Warning: No dependency builds found yet.
Started merge task at Qui 21 Jul 2016 16:38:29 BRT
Warning: No dependency builds found yet.
Started merge task at Qui 21 Jul 2016 17:27:02 BRT
Warning: No dependency builds found yet.
Started merge task at Qui 21 Jul 2016 17:30:56 BRT
Warning: No dependency builds found yet.
Started merge task at Qui 21 Jul 2016 17:31:57 BRT
Warning: No dependency builds found yet.
Started merge task at Qui 21 Jul 2016 17:33:33 BRT
Warning: No dependency builds found yet.
Started merge task at Qui 21 Jul 2016 18:45:34 BRT
Warning: No dependency builds found yet.
Started merge task at Qui 21 Jul 2016 18:46:49 BRT
Warning: No dependency builds found yet.
Started merge task at Qui 21 Jul 2016 18:48:19 BRT
Warning: No dependency builds found yet.
Started merge task at Qui 21 Jul 2016 18:49:32 BRT
Warning: No dependency builds found yet.
Started merge task at Qui 21 Jul 2016 18:50:48 BRT
Warning: No dependency builds found yet.
Started merge task at Qui 21 Jul 2016 18:56:00 BRT
Warning: No dependency builds found yet.
Started merge task at Qui 21 Jul 2016 18:56:51 BRT
Warning: No dependency builds found yet.
Started merge task at Qui 21 Jul 2016 19:07:40 BRT
Warning: No dependency builds found yet.
Started merge task at Fri Jul 22 10:14:38 BRT 2016
Warning: No dependency builds found yet.
Started merge task at Fri Jul 22 10:20:37 BRT 2016
Warning: No dependency builds found yet.
Started merge task at Fri Jul 22 10:40:32 BRT 2016
Warning: No dependency builds found yet.
Started merge task at Fri Jul 22 10:41:26 BRT 2016
Warning: No dependency builds found yet.
Started merge task at Fri Jul 22 10:42:27 BRT 2016
Warning: No dependency builds found yet.
Started merge task at Qua 27 Jul 2016 14:19:35 BRT
Warning: No dependency builds found yet.
Started merge task at Qua 27 Jul 2016 14:20:00 BRT
Warning: No dependency builds found yet.
Started merge task at Qua 27 Jul 2016 14:25:28 BRT
Warning: No dependency builds found yet.
Started merge task at Qua 27 Jul 2016 14:28:53 BRT
Warning: No dependency builds found yet.
Started merge task at Qua 27 Jul 2016 14:31:40 BRT
Warning: No dependency builds found yet.
Started merge task at Qua 27 Jul 2016 14:33:39 BRT
Warning: No dependency builds found yet.
Started merge task at Qua 27 Jul 2016 14:51:34 BRT
Warning: No dependency builds found yet.
Started merge task at Qua 27 Jul 2016 14:54:52 BRT
Warning: No dependency builds found yet.
Started merge task at Qua 27 Jul 2016 14:55:37 BRT
Warning: No dependency builds found yet.
Started merge task at Qua 27 Jul 2016 14:55:56 BRT
Warning: No dependency builds found yet.
Started merge task at Qua 27 Jul 2016 14:56:39 BRT
Warning: No dependency builds found yet.
Started merge task at Qua 27 Jul 2016 14:58:20 BRT
Warning: No dependency builds found yet.
Started merge task at Qua 27 Jul 2016 15:00:27 BRT
Warning: No dependency builds found yet.
Started merge task at Qua 27 Jul 2016 15:03:38 BRT
Warning: No dependency builds found yet.
Started merge task at Qua 27 Jul 2016 15:09:00 BRT
Warning: No dependency builds found yet.
Started merge task at Qua 27 Jul 2016 15:10:09 BRT
Warning: No dependency builds found yet.
Started merge task at Qua 27 Jul 2016 15:10:55 BRT
Warning: No dependency builds found yet.
Started merge task at Qua 27 Jul 2016 15:11:40 BRT
Warning: No dependency builds found yet.
Started merge task at Qua 27 Jul 2016 15:13:25 BRT
Warning: No dependency builds found yet.
Started merge task at Qua 27 Jul 2016 15:14:03 BRT
Warning: No dependency builds found yet.
Started merge task at Qua 27 Jul 2016 15:15:08 BRT
Warning: No dependency builds found yet.
Started merge task at Qua 27 Jul 2016 15:19:08 BRT
Warning: No dependency builds found yet.
Started merge task at Qua 27 Jul 2016 15:20:04 BRT
Warning: No dependency builds found yet.
Started merge task at Qua 27 Jul 2016 15:25:10 BRT
Warning: No dependency builds found yet.
Started merge task at Qua 27 Jul 2016 15:26:26 BRT
Warning: No dependency builds found yet.
Started merge task at Qua 27 Jul 2016 15:27:31 BRT
Warning: No dependency builds found yet.
Started merge task at Qua 27 Jul 2016 15:28:22 BRT
Warning: No dependency builds found yet.
Started merge task at Qua 27 Jul 2016 15:33:51 BRT
Warning: No dependency builds found yet.
Started merge task at Qua 27 Jul 2016 15:36:19 BRT
Warning: No dependency builds found yet.
Started merge task at Qua 27 Jul 2016 15:37:24 BRT
Warning: No dependency builds found yet.
Started merge task at Qua 27 Jul 2016 15:38:05 BRT
Warning: No dependency builds found yet.
Started merge task at Qua 27 Jul 2016 15:39:23 BRT
Warning: No dependency builds found yet.
Started merge task at Qua 27 Jul 2016 17:27:42 BRT
Warning: No dependency builds found yet.
Started merge task at Qua 27 Jul 2016 17:28:19 BRT
Warning: No dependency builds found yet.
Started merge task at Qua 27 Jul 2016 17:31:13 BRT
Warning: No dependency builds found yet.
Started merge task at Qua 27 Jul 2016 17:40:37 BRT
Warning: No dependency builds found yet.
Started merge task at Qua 27 Jul 2016 17:41:53 BRT
Warning: No dependency builds found yet.
Started merge task at Qua 27 Jul 2016 17:43:11 BRT
Warning: No dependency builds found yet.
Started merge task at Qua 27 Jul 2016 17:43:42 BRT
Warning: No dependency builds found yet.
Started merge task at Qua 27 Jul 2016 17:44:55 BRT
Warning: No dependency builds found yet.
Started merge task at Qua 27 Jul 2016 17:46:07 BRT
Warning: No dependency builds found yet.
Started merge task at Qua 27 Jul 2016 17:48:42 BRT
Warning: No dependency builds found yet.
Started merge task at Qua 27 Jul 2016 17:48:47 BRT
Warning: No dependency builds found yet.
Started merge task at Qua 27 Jul 2016 17:50:30 BRT
Warning: No dependency builds found yet.
Started merge task at Qua 27 Jul 2016 19:20:35 BRT
Warning: No dependency builds found yet.
Started merge task at Qua 27 Jul 2016 19:23:40 BRT
Warning: No dependency builds found yet.
Started merge task at Thu Jul 28 09:28:53 BRT 2016
Warning: No dependency builds found yet.
Started merge task at Thu Jul 28 09:30:47 BRT 2016
Warning: No dependency builds found yet.
Started merge task at Thu Jul 28 09:31:53 BRT 2016
Warning: No dependency builds found yet.
Started merge task at Thu Jul 28 09:33:28 BRT 2016
Warning: No dependency builds found yet.
Started merge task at Thu Jul 28 09:33:52 BRT 2016
Warning: No dependency builds found yet.
Started merge task at Thu Jul 28 09:34:53 BRT 2016
Warning: No dependency builds found yet.
Started merge task at Thu Jul 28 09:35:58 BRT 2016
Warning: No dependency builds found yet.
Started merge task at Thu Jul 28 09:36:17 BRT 2016
Warning: No dependency builds found yet.
Started merge task at Thu Jul 28 09:36:39 BRT 2016
Warning: No dependency builds found yet.
Started merge task at Thu Jul 28 09:37:13 BRT 2016
Warning: No dependency builds found yet.
Started merge task at Thu Jul 28 09:37:23 BRT 2016
Warning: No dependency builds found yet.
Started merge task at Thu Jul 28 09:38:29 BRT 2016
Warning: No dependency builds found yet.
Started merge task at Thu Jul 28 09:39:33 BRT 2016
Warning: No dependency builds found yet.
Started merge task at Thu Jul 28 09:40:35 BRT 2016
Warning: No dependency builds found yet.
Started merge task at Thu Jul 28 09:42:21 BRT 2016
Warning: No dependency builds found yet.
Started merge task at Thu Jul 28 09:45:21 BRT 2016
Warning: No dependency builds found yet.
Started merge task at Thu Jul 28 09:49:57 BRT 2016
Warning: No dependency builds found yet.
Started merge task at Thu Jul 28 09:50:39 BRT 2016
Warning: No dependency builds found yet.
Started merge task at Thu Jul 28 09:51:01 BRT 2016
Warning: No dependency builds found yet.
Started merge task at Thu Jul 28 09:51:21 BRT 2016
Warning: No dependency builds found yet.
Started merge task at Thu Jul 28 09:53:42 BRT 2016
Warning: No dependency builds found yet.
Started merge task at Thu Jul 28 09:57:02 BRT 2016
Warning: No dependency builds found yet.
Started merge task at Thu Jul 28 09:58:47 BRT 2016
Warning: No dependency builds found yet.
Started merge task at Thu Jul 28 10:02:53 BRT 2016
Warning: No dependency builds found yet.
Started merge task at Thu Jul 28 10:07:24 BRT 2016
Warning: No dependency builds found yet.
Started merge task at Thu Jul 28 10:17:09 BRT 2016
Warning: No dependency builds found yet.
Started merge task at Thu Jul 28 10:18:13 BRT 2016
Warning: No dependency builds found yet.
Started merge task at Thu Jul 28 10:32:52 BRT 2016
Warning: No dependency builds found yet.
Started merge task at Thu Jul 28 10:34:17 BRT 2016
Warning: No dependency builds found yet.
Started merge task at Thu Jul 28 10:37:50 BRT 2016
Warning: No dependency builds found yet.
Started merge task at Thu Jul 28 10:51:15 BRT 2016
Warning: No dependency builds found yet.
Started merge task at Thu Jul 28 10:54:46 BRT 2016
Warning: No dependency builds found yet.
Started merge task at Thu Jul 28 10:56:21 BRT 2016
Warning: No dependency builds found yet.
Started merge task at Thu Jul 28 10:58:12 BRT 2016
Warning: No dependency builds found yet.
Started merge task at Thu Jul 28 10:59:41 BRT 2016
Warning: No dependency builds found yet.
Started merge task at Thu Jul 28 11:02:48 BRT 2016
Warning: No dependency builds found yet.
Started merge task at Thu Jul 28 11:04:34 BRT 2016
Warning: No dependency builds found yet.
Started merge task at Thu Jul 28 11:25:00 BRT 2016
Warning: No dependency builds found yet.
Started merge task at Thu Jul 28 11:43:06 BRT 2016
Warning: No dependency builds found yet.
Started merge task at Thu Jul 28 11:44:29 BRT 2016
Warning: No dependency builds found yet.
Started merge task at Thu Jul 28 14:40:34 BRT 2016
Warning: No dependency builds found yet.
Started merge task at Thu Jul 28 14:42:02 BRT 2016
Warning: No dependency builds found yet.
Started merge task at Thu Jul 28 15:09:18 BRT 2016
Warning: No dependency builds found yet.
Started merge task at Thu Jul 28 15:11:54 BRT 2016
Warning: No dependency builds found yet.
Started merge task at Thu Jul 28 15:12:33 BRT 2016
Warning: No dependency builds found yet.
Started merge task at Thu Jul 28 15:13:53 BRT 2016
Warning: No dependency builds found yet.
Started merge task at Thu Jul 28 15:15:01 BRT 2016
Warning: No dependency builds found yet.
Started merge task at Thu Jul 28 15:15:54 BRT 2016
Warning: No dependency builds found yet.
Started merge task at Thu Jul 28 15:18:56 BRT 2016
Warning: No dependency builds found yet.
Started merge task at Thu Jul 28 15:18:57 BRT 2016
Warning: No dependency builds found yet.
Started merge task at Thu Jul 28 15:21:24 BRT 2016
Warning: No dependency builds found yet.
Started merge task at Thu Jul 28 15:23:13 BRT 2016
Warning: No dependency builds found yet.
Started merge task at Thu Jul 28 15:23:39 BRT 2016
Warning: No dependency builds found yet.
Started merge task at Thu Jul 28 15:25:27 BRT 2016
Warning: No dependency builds found yet.
Started merge task at Thu Jul 28 15:25:31 BRT 2016
Warning: No dependency builds found yet.
Started merge task at Thu Jul 28 15:25:37 BRT 2016
Warning: No dependency builds found yet.
Started merge task at Thu Jul 28 15:27:05 BRT 2016
Warning: No dependency builds found yet.
Started merge task at Thu Jul 28 15:28:35 BRT 2016
Warning: No dependency builds found yet.
Started merge task at Thu Jul 28 17:19:30 BRT 2016
Warning: No dependency builds found yet.
Started merge task at Thu Jul 28 17:23:32 BRT 2016
Warning: No dependency builds found yet.
Started merge task at Thu Jul 28 17:26:17 BRT 2016
Warning: No dependency builds found yet.
Started merge task at Thu Jul 28 17:26:46 BRT 2016
Warning: No dependency builds found yet.
Started merge task at Thu Jul 28 17:27:16 BRT 2016
Warning: No dependency builds found yet.
Started merge task at Thu Jul 28 17:30:47 BRT 2016
Warning: No dependency builds found yet.
Started merge task at Thu Jul 28 17:31:21 BRT 2016
Warning: No dependency builds found yet.
Started merge task at Thu Jul 28 17:32:09 BRT 2016
Warning: No dependency builds found yet.
Started merge task at Thu Jul 28 17:32:49 BRT 2016
Warning: No dependency builds found yet.
Started merge task at Thu Jul 28 17:33:11 BRT 2016
Warning: No dependency builds found yet.
Started merge task at Fri Jul 29 09:35:50 BRT 2016
Warning: No dependency builds found yet.
Started merge task at Fri Jul 29 09:36:49 BRT 2016
Warning: No dependency builds found yet.
Started merge task at Fri Jul 29 09:38:48 BRT 2016
Warning: No dependency builds found yet.
Started merge task at Fri Jul 29 09:39:43 BRT 2016
Warning: No dependency builds found yet.
Started merge task at Fri Jul 29 09:40:50 BRT 2016
Warning: No dependency builds found yet.
Started merge task at Fri Jul 29 09:42:40 BRT 2016
Warning: No dependency builds found yet.
Started merge task at Fri Jul 29 09:45:00 BRT 2016
Warning: No dependency builds found yet.
Started merge task at Fri Jul 29 09:45:13 BRT 2016
Warning: No dependency builds found yet.
Started merge task at Fri Jul 29 09:45:21 BRT 2016
Warning: No dependency builds found yet.
Started merge task at Fri Jul 29 17:20:28 BRT 2016
Warning: No dependency builds found yet.
Started merge task at Fri Jul 29 17:20:34 BRT 2016
Warning: No dependency builds found yet.
Started merge task at Fri Jul 29 17:22:11 BRT 2016
Warning: No dependency builds found yet.
Started merge task at Qui  8 Set 2016 11:30:41 BRT
Warning: No dependency builds found yet.
Started merge task at Thu Nov 24 18:57:47 BRST 2016
Warning: No dependency builds found yet.
Started merge task at Thu Nov 24 18:59:09 BRST 2016
Warning: No dependency builds found yet.
Started merge task at Thu Nov 24 19:01:06 BRST 2016
Warning: No dependency builds found yet.
Started merge task at Thu Nov 24 19:03:36 BRST 2016
Warning: No dependency builds found yet.
Started merge task at Thu Nov 24 19:06:00 BRST 2016
Warning: No dependency builds found yet.
